<?xml version="1.0" encoding="UTF-8" ?>
<testsuite tests="8" failures="0" name="CellTest" time="0.036" errors="0" skipped="0">
  <properties>
[...]
</properties>
  <testcase classname="CellTest" name="increaseValue_lessThanMaxPossibleValue_increasedValue" time="0.035"/>
  <testcase classname="CellTest" name="increaseValue_maxPossibleValue_didNotIncreaseValue" time="0"/>
  <testcase classname="CellTest" name="reduceSize_initialSizeOfCell_reducedSize" time="0.001"/>
  <testcase classname="CellTest" name="isOccupied_twoCellsDoNotOccupiedTheSameSpace_returnFalse" time="0"/>
  <testcase classname="CellTest" name="decreaseValue_moreThanMinPossibleValue_decreasedValue" time="0"/>
  <testcase classname="CellTest" name="decreaseValue_minPossibleValue_didNotDecreaseValue" time="0"/>
  <testcase classname="CellTest" name="isOccupied_cellContainsAnotherCell_returnTrue" time="0"/>
  <testcase classname="CellTest" name="isOccupied_twoCellsIntersect_returnTrue" time="0"/>
</testsuite>