<?xml version="1.0" encoding="UTF-8" ?>
<testsuite tests="7" failures="0" name="PlayerTest" time="1.156" errors="0" skipped="0">
  <properties>
[...]
</properties>
  <testcase classname="PlayerTest" name="speedUpBullets_speedLessThanLimit_speededUpBullet" time="0.415"/>
  <testcase classname="PlayerTest" name="removeUnwantedBullets_bulletOnTheBoard_didNotRemoveBullet" time="0.162"/>
  <testcase classname="PlayerTest" name="takeAShot_listSizeLessThanMaxNumberOfShots_increasedBulletsSize" time="0.145"/>
  <testcase classname="PlayerTest" name="removeUnwantedBullets_emptyBulletsList_didNotRemoveBullet" time="0.119"/>
  <testcase classname="PlayerTest" name="removeUnwantedBullets_bulletOutOfBoard_removedBullet" time="0.108"/>
  <testcase classname="PlayerTest" name="takeAShot_listSizeEqualsToMaxNumberOfShots_notIncreasedBulletsSize" time="0.107"/>
  <testcase classname="PlayerTest" name="speedUpBullets_speedGreaterThanLimit_notSpeededUpBullet" time="0.1"/>
</testsuite>