<?xml version="1.0" encoding="UTF-8" ?>
<testsuite tests="7" failures="0" name="PlayerTest" time="0.575" errors="0" skipped="0">
  <properties>
[...]
</properties>
  <testcase classname="PlayerTest" name="speedUpBullets_speedLessThanLimit_speededUpBullet" time="0.099"/>
  <testcase classname="PlayerTest" name="removeUnwantedBullets_bulletOnTheBoard_didNotRemoveBullet" time="0.077"/>
  <testcase classname="PlayerTest" name="takeAShot_listSizeLessThanMaxNumberOfShots_increasedBulletsSize" time="0.089"/>
  <testcase classname="PlayerTest" name="removeUnwantedBullets_emptyBulletsList_didNotRemoveBullet" time="0.081"/>
  <testcase classname="PlayerTest" name="removeUnwantedBullets_bulletOutOfBoard_removedBullet" time="0.074"/>
  <testcase classname="PlayerTest" name="takeAShot_listSizeEqualsToMaxNumberOfShots_notIncreasedBulletsSize" time="0.086"/>
  <testcase classname="PlayerTest" name="speedUpBullets_speedGreaterThanLimit_notSpeededUpBullet" time="0.069"/>
</testsuite>